#
# There is insufficient memory for the Java Runtime Environment to continue.
# Native memory allocation (malloc) failed to allocate 82837504 bytes for committing reserved memory.
# Possible reasons:
#   The system is out of physical RAM or swap space
#   In 32 bit mode, the process size limit was hit
# Possible solutions:
#   Reduce memory load on the system
#   Increase physical memory or swap space
#   Check if swap backing store is full
#   Use 64 bit Java on a 64 bit OS
#   Decrease Java heap size (-Xmx/-Xms)
#   Decrease number of Java threads
#   Decrease Java thread stack sizes (-Xss)
#   Set larger code cache with -XX:ReservedCodeCacheSize=
# This output file may be truncated or incomplete.
#
#  Out of Memory Error (os_linux.cpp:2756), pid=7923, tid=140480287209216
#
# JRE version: Java(TM) SE Runtime Environment (7.0_80-b15) (build 1.7.0_80-b15)
# Java VM: Java HotSpot(TM) 64-Bit Server VM (24.80-b11 mixed mode linux-amd64 compressed oops)
# Failed to write core dump. Core dumps have been disabled. To enable core dumping, try "ulimit -c unlimited" before starting Java again
#

---------------  T H R E A D  ---------------

Current thread (0x00007fc4240ec800):  VMThread [stack: 0x00007fc41d8df000,0x00007fc41d9e0000] [id=7936]

Stack: [0x00007fc41d8df000,0x00007fc41d9e0000],  sp=0x00007fc41d9de2c0,  free space=1020k
Native frames: (J=compiled Java code, j=interpreted, Vv=VM code, C=native code)
V  [libjvm.so+0x9a320a]  VMError::report_and_die()+0x2ea
V  [libjvm.so+0x498d3b]  report_vm_out_of_memory(char const*, int, unsigned long, char const*)+0x9b
V  [libjvm.so+0x82191e]  os::Linux::commit_memory_impl(char*, unsigned long, bool)+0xfe
V  [libjvm.so+0x821e69]  os::pd_commit_memory(char*, unsigned long, unsigned long, bool)+0x29
V  [libjvm.so+0x81bb6a]  os::commit_memory(char*, unsigned long, unsigned long, bool)+0x2a
V  [libjvm.so+0x88d623]  PSVirtualSpace::expand_by(unsigned long)+0x53
V  [libjvm.so+0x88e9f8]  PSYoungGen::resize_generation(unsigned long, unsigned long)+0xf8
V  [libjvm.so+0x88db62]  PSYoungGen::resize(unsigned long, unsigned long)+0x22
V  [libjvm.so+0x88af1d]  PSScavenge::invoke_no_policy()+0xf3d
V  [libjvm.so+0x88b761]  PSScavenge::invoke()+0x41
V  [libjvm.so+0x843f40]  ParallelScavengeHeap::failed_mem_allocate(unsigned long)+0x70
V  [libjvm.so+0x9a4a97]  VM_ParallelGCFailedAllocation::doit()+0x97
V  [libjvm.so+0x9abf35]  VM_Operation::evaluate()+0x55
V  [libjvm.so+0x9aa2fa]  VMThread::evaluate_operation(VM_Operation*)+0xba
V  [libjvm.so+0x9aa67e]  VMThread::loop()+0x1ce
V  [libjvm.so+0x9aaaf0]  VMThread::run()+0x70
V  [libjvm.so+0x8238c8]  java_start(Thread*)+0x108

VM_Operation (0x00007fc42ae444e0): ParallelGCFailedAllocation, mode: safepoint, requested by thread 0x00007fc42400a000


---------------  P R O C E S S  ---------------

Java Threads: ( => current thread )
  0x00007fc42411b000 JavaThread "Service Thread" daemon [_thread_blocked, id=7942, stack(0x00007fc41d010000,0x00007fc41d111000)]
  0x00007fc424118800 JavaThread "C2 CompilerThread1" daemon [_thread_blocked, id=7941, stack(0x00007fc41d111000,0x00007fc41d212000)]
  0x00007fc424115800 JavaThread "C2 CompilerThread0" daemon [_thread_blocked, id=7940, stack(0x00007fc41d212000,0x00007fc41d313000)]
  0x00007fc424113800 JavaThread "Signal Dispatcher" daemon [_thread_blocked, id=7939, stack(0x00007fc41d313000,0x00007fc41d414000)]
  0x00007fc4240f2800 JavaThread "Finalizer" daemon [_thread_blocked, id=7938, stack(0x00007fc41d6dd000,0x00007fc41d7de000)]
  0x00007fc4240f0800 JavaThread "Reference Handler" daemon [_thread_blocked, id=7937, stack(0x00007fc41d7de000,0x00007fc41d8df000)]
  0x00007fc42400a000 JavaThread "main" [_thread_blocked, id=7932, stack(0x00007fc42ad45000,0x00007fc42ae46000)]

Other Threads:
=>0x00007fc4240ec800 VMThread [stack: 0x00007fc41d8df000,0x00007fc41d9e0000] [id=7936]
  0x00007fc424125800 WatcherThread [stack: 0x00007fc41cf0f000,0x00007fc41d010000] [id=7943]

VM state:at safepoint (normal execution)

VM Mutex/Monitor currently owned by a thread:  ([mutex/lock_event])
[0x00007fc4240063b0] Threads_lock - owner thread: 0x00007fc4240ec800
[0x00007fc4240068b0] Heap_lock - owner thread: 0x00007fc42400a000

Heap
 PSYoungGen      total 66048K, used 2552K [0x00000000eaa80000, 0x00000000eed80000, 0x0000000100000000)
  eden space 63488K, 0% used [0x00000000eaa80000,0x00000000eaa80000,0x00000000ee880000)
  from space 2560K, 99% used [0x00000000ee880000,0x00000000eeafe0e0,0x00000000eeb00000)
  to   space 2560K, 0% used [0x00000000eeb00000,0x00000000eeb00000,0x00000000eed80000)
 ParOldGen       total 41472K, used 23412K [0x00000000c0000000, 0x00000000c2880000, 0x00000000eaa80000)
  object space 41472K, 56% used [0x00000000c0000000,0x00000000c16dd118,0x00000000c2880000)
 PSPermGen       total 21504K, used 6662K [0x00000000bae00000, 0x00000000bc300000, 0x00000000c0000000)
  object space 21504K, 30% used [0x00000000bae00000,0x00000000bb4819f0,0x00000000bc300000)

Card table byte_map: [0x00007fc420dd6000,0x00007fc421000000] byte_map_base: 0x00007fc4207ff000

Polling page: 0x00007fc42ae68000

Code Cache  [0x00007fc421000000, 0x00007fc421270000, 0x00007fc424000000)
 total_blobs=879 nmethods=631 adapters=202 free_code_cache=47541Kb largest_free_block=48638336

Compilation events (10 events):
Event: 21.966 Thread 0x00007fc424118800 nmethod 653 0x00007fc421192450 code [0x00007fc4211925c0, 0x00007fc421192818]
Event: 21.967 Thread 0x00007fc424115800 nmethod 651 0x00007fc421191c50 code [0x00007fc421191dc0, 0x00007fc421192158]
Event: 21.976 Thread 0x00007fc424118800  654             com.android.dx.io.instructions.InstructionCodec$6::decode (40 bytes)
Event: 21.976 Thread 0x00007fc424115800  655             com.android.dx.io.instructions.InstructionCodec$6::encode (26 bytes)
Event: 21.979 Thread 0x00007fc424115800 nmethod 655 0x00007fc421191790 code [0x00007fc4211918e0, 0x00007fc421191a58]
Event: 21.982 Thread 0x00007fc424118800 nmethod 654 0x00007fc42118ab90 code [0x00007fc42118ace0, 0x00007fc42118ae78]
Event: 21.982 Thread 0x00007fc424118800  656             com.android.dx.io.instructions.DecodedInstruction::getTargetByte (48 bytes)
Event: 21.983 Thread 0x00007fc424118800 nmethod 656 0x00007fc421191550 code [0x00007fc421191680, 0x00007fc4211916f8]
Event: 21.987 Thread 0x00007fc424115800  657             com.android.dx.merge.InstructionTransformer$StringVisitor::visit (63 bytes)
Event: 22.000 Thread 0x00007fc424115800 nmethod 657 0x00007fc421189f90 code [0x00007fc42118a120, 0x00007fc42118a598]

GC Heap History (9 events):
Event: 4.794 GC heap before
{Heap before GC invocations=1 (full 0):
 PSYoungGen      total 18432K, used 15872K [0x00000000eaa80000, 0x00000000ebf00000, 0x0000000100000000)
  eden space 15872K, 100% used [0x00000000eaa80000,0x00000000eba00000,0x00000000eba00000)
  from space 2560K, 0% used [0x00000000ebc80000,0x00000000ebc80000,0x00000000ebf00000)
  to   space 2560K, 0% used [0x00000000eba00000,0x00000000eba00000,0x00000000ebc80000)
 ParOldGen       total 41472K, used 0K [0x00000000c0000000, 0x00000000c2880000, 0x00000000eaa80000)
  object space 41472K, 0% used [0x00000000c0000000,0x00000000c0000000,0x00000000c2880000)
 PSPermGen       total 21504K, used 4522K [0x00000000bae00000, 0x00000000bc300000, 0x00000000c0000000)
  object space 21504K, 21% used [0x00000000bae00000,0x00000000bb26aba8,0x00000000bc300000)
Event: 4.871 GC heap after
Heap after GC invocations=1 (full 0):
 PSYoungGen      total 18432K, used 2553K [0x00000000eaa80000, 0x00000000ece80000, 0x0000000100000000)
  eden space 15872K, 0% used [0x00000000eaa80000,0x00000000eaa80000,0x00000000eba00000)
  from space 2560K, 99% used [0x00000000eba00000,0x00000000ebc7e448,0x00000000ebc80000)
  to   space 2560K, 0% used [0x00000000ecc00000,0x00000000ecc00000,0x00000000ece80000)
 ParOldGen       total 41472K, used 4299K [0x00000000c0000000, 0x00000000c2880000, 0x00000000eaa80000)
  object space 41472K, 10% used [0x00000000c0000000,0x00000000c0432db0,0x00000000c2880000)
 PSPermGen       total 21504K, used 4522K [0x00000000bae00000, 0x00000000bc300000, 0x00000000c0000000)
  object space 21504K, 21% used [0x00000000bae00000,0x00000000bb26aba8,0x00000000bc300000)
}
Event: 6.459 GC heap before
{Heap before GC invocations=2 (full 0):
 PSYoungGen      total 18432K, used 18425K [0x00000000eaa80000, 0x00000000ece80000, 0x0000000100000000)
  eden space 15872K, 100% used [0x00000000eaa80000,0x00000000eba00000,0x00000000eba00000)
  from space 2560K, 99% used [0x00000000eba00000,0x00000000ebc7e448,0x00000000ebc80000)
  to   space 2560K, 0% used [0x00000000ecc00000,0x00000000ecc00000,0x00000000ece80000)
 ParOldGen       total 41472K, used 4299K [0x00000000c0000000, 0x00000000c2880000, 0x00000000eaa80000)
  object space 41472K, 10% used [0x00000000c0000000,0x00000000c0432db0,0x00000000c2880000)
 PSPermGen       total 21504K, used 4969K [0x00000000bae00000, 0x00000000bc300000, 0x00000000c0000000)
  object space 21504K, 23% used [0x00000000bae00000,0x00000000bb2da7d8,0x00000000bc300000)
Event: 6.631 GC heap after
Heap after GC invocations=2 (full 0):
 PSYoungGen      total 34304K, used 2551K [0x00000000eaa80000, 0x00000000ece80000, 0x0000000100000000)
  eden space 31744K, 0% used [0x00000000eaa80000,0x00000000eaa80000,0x00000000ec980000)
  from space 2560K, 99% used [0x00000000ecc00000,0x00000000ece7dd80,0x00000000ece80000)
  to   space 2560K, 0% used [0x00000000ec980000,0x00000000ec980000,0x00000000ecc00000)
 ParOldGen       total 41472K, used 10643K [0x00000000c0000000, 0x00000000c2880000, 0x00000000eaa80000)
  object space 41472K, 25% used [0x00000000c0000000,0x00000000c0a64cb8,0x00000000c2880000)
 PSPermGen       total 21504K, used 4969K [0x00000000bae00000, 0x00000000bc300000, 0x00000000c0000000)
  object space 21504K, 23% used [0x00000000bae00000,0x00000000bb2da7d8,0x00000000bc300000)
}
Event: 19.294 GC heap before
{Heap before GC invocations=3 (full 0):
 PSYoungGen      total 34304K, used 34295K [0x00000000eaa80000, 0x00000000ece80000, 0x0000000100000000)
  eden space 31744K, 100% used [0x00000000eaa80000,0x00000000ec980000,0x00000000ec980000)
  from space 2560K, 99% used [0x00000000ecc00000,0x00000000ece7dd80,0x00000000ece80000)
  to   space 2560K, 0% used [0x00000000ec980000,0x00000000ec980000,0x00000000ecc00000)
 ParOldGen       total 41472K, used 10643K [0x00000000c0000000, 0x00000000c2880000, 0x00000000eaa80000)
  object space 41472K, 25% used [0x00000000c0000000,0x00000000c0a64cb8,0x00000000c2880000)
 PSPermGen       total 21504K, used 6594K [0x00000000bae00000, 0x00000000bc300000, 0x00000000c0000000)
  object space 21504K, 30% used [0x00000000bae00000,0x00000000bb470a78,0x00000000bc300000)
Event: 19.387 GC heap after
Heap after GC invocations=3 (full 0):
 PSYoungGen      total 34304K, used 2536K [0x00000000eaa80000, 0x00000000eed80000, 0x0000000100000000)
  eden space 31744K, 0% used [0x00000000eaa80000,0x00000000eaa80000,0x00000000ec980000)
  from space 2560K, 99% used [0x00000000ec980000,0x00000000ecbfa388,0x00000000ecc00000)
  to   space 2560K, 0% used [0x00000000eeb00000,0x00000000eeb00000,0x00000000eed80000)
 ParOldGen       total 41472K, used 17646K [0x00000000c0000000, 0x00000000c2880000, 0x00000000eaa80000)
  object space 41472K, 42% used [0x00000000c0000000,0x00000000c113ba80,0x00000000c2880000)
 PSPermGen       total 21504K, used 6594K [0x00000000bae00000, 0x00000000bc300000, 0x00000000c0000000)
  object space 21504K, 30% used [0x00000000bae00000,0x00000000bb470a78,0x00000000bc300000)
}
Event: 20.197 GC heap before
{Heap before GC invocations=4 (full 0):
 PSYoungGen      total 34304K, used 34280K [0x00000000eaa80000, 0x00000000eed80000, 0x0000000100000000)
  eden space 31744K, 100% used [0x00000000eaa80000,0x00000000ec980000,0x00000000ec980000)
  from space 2560K, 99% used [0x00000000ec980000,0x00000000ecbfa388,0x00000000ecc00000)
  to   space 2560K, 0% used [0x00000000eeb00000,0x00000000eeb00000,0x00000000eed80000)
 ParOldGen       total 41472K, used 17646K [0x00000000c0000000, 0x00000000c2880000, 0x00000000eaa80000)
  object space 41472K, 42% used [0x00000000c0000000,0x00000000c113ba80,0x00000000c2880000)
 PSPermGen       total 21504K, used 6630K [0x00000000bae00000, 0x00000000bc300000, 0x00000000c0000000)
  object space 21504K, 30% used [0x00000000bae00000,0x00000000bb479b38,0x00000000bc300000)
Event: 20.272 GC heap after
Heap after GC invocations=4 (full 0):
 PSYoungGen      total 66048K, used 2536K [0x00000000eaa80000, 0x00000000eed80000, 0x0000000100000000)
  eden space 63488K, 0% used [0x00000000eaa80000,0x00000000eaa80000,0x00000000ee880000)
  from space 2560K, 99% used [0x00000000eeb00000,0x00000000eed7a388,0x00000000eed80000)
  to   space 2560K, 0% used [0x00000000ee880000,0x00000000ee880000,0x00000000eeb00000)
 ParOldGen       total 41472K, used 21192K [0x00000000c0000000, 0x00000000c2880000, 0x00000000eaa80000)
  object space 41472K, 51% used [0x00000000c0000000,0x00000000c14b21a8,0x00000000c2880000)
 PSPermGen       total 21504K, used 6630K [0x00000000bae00000, 0x00000000bc300000, 0x00000000c0000000)
  object space 21504K, 30% used [0x00000000bae00000,0x00000000bb479b38,0x00000000bc300000)
}
Event: 22.100 GC heap before
{Heap before GC invocations=5 (full 0):
 PSYoungGen      total 66048K, used 64358K [0x00000000eaa80000, 0x00000000eed80000, 0x0000000100000000)
  eden space 63488K, 97% used [0x00000000eaa80000,0x00000000ee6df828,0x00000000ee880000)
  from space 2560K, 99% used [0x00000000eeb00000,0x00000000eed7a388,0x00000000eed80000)
  to   space 2560K, 0% used [0x00000000ee880000,0x00000000ee880000,0x00000000eeb00000)
 ParOldGen       total 41472K, used 21192K [0x00000000c0000000, 0x00000000c2880000, 0x00000000eaa80000)
  object space 41472K, 51% used [0x00000000c0000000,0x00000000c14b21a8,0x00000000c2880000)
 PSPermGen       total 21504K, used 6662K [0x00000000bae00000, 0x00000000bc300000, 0x00000000c0000000)
  object space 21504K, 30% used [0x00000000bae00000,0x00000000bb4819f0,0x00000000bc300000)

Deoptimization events (10 events):
Event: 9.371 Thread 0x00007fc42400a000 Uncommon trap: reason=unstable_if action=reinterpret pc=0x00007fc4211121c4 method=com.android.dx.util.ByteArrayAnnotatedOutput.writeUleb128(I)I @ 4
Event: 9.372 Thread 0x00007fc42400a000 Uncommon trap: reason=unstable_if action=reinterpret pc=0x00007fc421115860 method=com.android.dx.util.ByteArrayAnnotatedOutput.writeByte(I)V @ 13
Event: 9.516 Thread 0x00007fc42400a000 Uncommon trap: reason=unstable_if action=reinterpret pc=0x00007fc42111ca30 method=java.util.Properties$LineReader.readLine()I @ 369
Event: 9.558 Thread 0x00007fc42400a000 Uncommon trap: reason=unstable_if action=reinterpret pc=0x00007fc42106153c method=java.lang.String.indexOf([CII[CIII)I @ 3
Event: 13.955 Thread 0x00007fc42400a000 Uncommon trap: reason=predicate action=maybe_recompile pc=0x00007fc421122060 method=sun.net.www.ParseUtil.encodePath(Ljava/lang/String;Z)Ljava/lang/String; @ 36
Event: 13.956 Thread 0x00007fc42400a000 Uncommon trap: reason=unstable_if action=reinterpret pc=0x00007fc4211033c8 method=sun.net.www.ParseUtil.encodePath(Ljava/lang/String;Z)Ljava/lang/String; @ 44
Event: 15.947 Thread 0x00007fc42400a000 Uncommon trap: reason=unstable_if action=reinterpret pc=0x00007fc421121350 method=java.lang.String.indexOf([CII[CIII)I @ 134
Event: 17.854 Thread 0x00007fc42400a000 Uncommon trap: reason=predicate action=maybe_recompile pc=0x00007fc421122dd8 method=com.android.dex.Leb128.readUnsignedLeb128(Lcom/android/dex/util/ByteInput;)I @ 41
Event: 21.091 Thread 0x00007fc42400a000 Uncommon trap: reason=predicate action=maybe_recompile pc=0x00007fc42117c628 method=java.util.ComparableTimSort.binarySort([Ljava/lang/Object;III)V @ 37
Event: 22.100 Thread 0x00007fc42400a000 Uncommon trap: reason=array_check action=maybe_recompile pc=0x00007fc421199194 method=java.util.ComparableTimSort.binarySort([Ljava/lang/Object;III)V @ 193

Internal exceptions (10 events):
Event: 10.698 Thread 0x00007fc42400a000 Threw 0x00000000eb57ba20 at /HUDSON/workspace/7u-2-build-linux-amd64/jdk7u80/2329/hotspot/src/share/vm/prims/jvm.cpp:1319
Event: 10.699 Thread 0x00007fc42400a000 Threw 0x00000000eb57e9f0 at /HUDSON/workspace/7u-2-build-linux-amd64/jdk7u80/2329/hotspot/src/share/vm/prims/jvm.cpp:1319
Event: 10.700 Thread 0x00007fc42400a000 Threw 0x00000000eb581dd8 at /HUDSON/workspace/7u-2-build-linux-amd64/jdk7u80/2329/hotspot/src/share/vm/prims/jvm.cpp:1319
Event: 10.705 Thread 0x00007fc42400a000 Threw 0x00000000eb5c8f78 at /HUDSON/workspace/7u-2-build-linux-amd64/jdk7u80/2329/hotspot/src/share/vm/prims/jvm.cpp:1319
Event: 10.706 Thread 0x00007fc42400a000 Threw 0x00000000eb5cb0d8 at /HUDSON/workspace/7u-2-build-linux-amd64/jdk7u80/2329/hotspot/src/share/vm/prims/jvm.cpp:1319
Event: 14.035 Thread 0x00007fc42400a000 Threw 0x00000000eb7195b0 at /HUDSON/workspace/7u-2-build-linux-amd64/jdk7u80/2329/hotspot/src/share/vm/prims/jvm.cpp:1319
Event: 14.035 Thread 0x00007fc42400a000 Threw 0x00000000eb7196d8 at /HUDSON/workspace/7u-2-build-linux-amd64/jdk7u80/2329/hotspot/src/share/vm/prims/jvm.cpp:1319
Event: 14.036 Thread 0x00007fc42400a000 Threw 0x00000000eb71ba48 at /HUDSON/workspace/7u-2-build-linux-amd64/jdk7u80/2329/hotspot/src/share/vm/prims/jvm.cpp:1319
Event: 14.036 Thread 0x00007fc42400a000 Threw 0x00000000eb71bb70 at /HUDSON/workspace/7u-2-build-linux-amd64/jdk7u80/2329/hotspot/src/share/vm/prims/jvm.cpp:1319
Event: 19.609 Thread 0x00007fc42400a000 Threw 0x00000000eaf618a0 at /HUDSON/workspace/7u-2-build-linux-amd64/jdk7u80/2329/hotspot/src/share/vm/prims/jvm.cpp:1319

Events (10 events):
Event: 20.272 Executing VM operation: RevokeBias done
Event: 20.275 Executing VM operation: RevokeBias
Event: 20.276 Executing VM operation: RevokeBias done
Event: 21.091 Thread 0x00007fc42400a000 Uncommon trap: trap_request=0xffffff86 fr.pc=0x00007fc42117c628
Event: 21.091 Thread 0x00007fc42400a000 DEOPT PACKING pc=0x00007fc42117c628 sp=0x00007fc42ae44410
Event: 21.091 Thread 0x00007fc42400a000 DEOPT UNPACKING pc=0x00007fc421039045 sp=0x00007fc42ae44400 mode 2
Event: 22.100 Thread 0x00007fc42400a000 Uncommon trap: trap_request=0xffffffd6 fr.pc=0x00007fc421199194
Event: 22.100 Thread 0x00007fc42400a000 DEOPT PACKING pc=0x00007fc421199194 sp=0x00007fc42ae44410
Event: 22.100 Thread 0x00007fc42400a000 DEOPT UNPACKING pc=0x00007fc421039045 sp=0x00007fc42ae443e8 mode 2
Event: 22.100 Executing VM operation: ParallelGCFailedAllocation


Dynamic libraries:
00400000-00401000 r-xp 00000000 08:05 13242794                           /usr/lib/jvm/java-7-oracle/jre/bin/java
00600000-00601000 rw-p 00000000 08:05 13242794                           /usr/lib/jvm/java-7-oracle/jre/bin/java
0158a000-015ab000 rw-p 00000000 00:00 0                                  [heap]
bae00000-bc300000 rw-p 00000000 00:00 0 
bc300000-c0000000 rw-p 00000000 00:00 0 
c0000000-c2880000 rw-p 00000000 00:00 0 
c2880000-eaa80000 rw-p 00000000 00:00 0 
eaa80000-eed80000 rw-p 00000000 00:00 0 
f3c80000-100000000 rw-p 00000000 00:00 0 
7fc3f0000000-7fc3f0021000 rw-p 00000000 00:00 0 
7fc3f0021000-7fc3f4000000 ---p 00000000 00:00 0 
7fc3f8000000-7fc3f8957000 rw-p 00000000 00:00 0 
7fc3f8957000-7fc3fc000000 ---p 00000000 00:00 0 
7fc3fc000000-7fc3fc021000 rw-p 00000000 00:00 0 
7fc3fc021000-7fc400000000 ---p 00000000 00:00 0 
7fc400000000-7fc400021000 rw-p 00000000 00:00 0 
7fc400021000-7fc404000000 ---p 00000000 00:00 0 
7fc404000000-7fc404ce8000 rw-p 00000000 00:00 0 
7fc404ce8000-7fc408000000 ---p 00000000 00:00 0 
7fc408000000-7fc408021000 rw-p 00000000 00:00 0 
7fc408021000-7fc40c000000 ---p 00000000 00:00 0 
7fc40c000000-7fc40c021000 rw-p 00000000 00:00 0 
7fc40c021000-7fc410000000 ---p 00000000 00:00 0 
7fc410000000-7fc410021000 rw-p 00000000 00:00 0 
7fc410021000-7fc414000000 ---p 00000000 00:00 0 
7fc414000000-7fc4140e2000 rw-p 00000000 00:00 0 
7fc4140e2000-7fc418000000 ---p 00000000 00:00 0 
7fc418000000-7fc418021000 rw-p 00000000 00:00 0 
7fc418021000-7fc41c000000 ---p 00000000 00:00 0 
7fc41c97a000-7fc41cae7000 rw-p 00000000 00:00 0 
7fc41cae7000-7fc41cafe000 r-xp 00000000 08:05 13241683                   /usr/lib/jvm/java-7-oracle/jre/lib/amd64/libnet.so
7fc41cafe000-7fc41ccfd000 ---p 00017000 08:05 13241683                   /usr/lib/jvm/java-7-oracle/jre/lib/amd64/libnet.so
7fc41ccfd000-7fc41ccfe000 rw-p 00016000 08:05 13241683                   /usr/lib/jvm/java-7-oracle/jre/lib/amd64/libnet.so
7fc41ccfe000-7fc41cd0e000 r-xp 00000000 08:05 13241893                   /usr/lib/jvm/java-7-oracle/jre/lib/amd64/libnio.so
7fc41cd0e000-7fc41cf0e000 ---p 00010000 08:05 13241893                   /usr/lib/jvm/java-7-oracle/jre/lib/amd64/libnio.so
7fc41cf0e000-7fc41cf0f000 rw-p 00010000 08:05 13241893                   /usr/lib/jvm/java-7-oracle/jre/lib/amd64/libnio.so
7fc41cf0f000-7fc41cf10000 ---p 00000000 00:00 0 
7fc41cf10000-7fc41d010000 rw-p 00000000 00:00 0                          [stack:7943]
7fc41d010000-7fc41d013000 ---p 00000000 00:00 0 
7fc41d013000-7fc41d111000 rw-p 00000000 00:00 0                          [stack:7942]
7fc41d111000-7fc41d114000 ---p 00000000 00:00 0 
7fc41d114000-7fc41d212000 rw-p 00000000 00:00 0                          [stack:7941]
7fc41d212000-7fc41d215000 ---p 00000000 00:00 0 
7fc41d215000-7fc41d313000 rw-p 00000000 00:00 0                          [stack:7940]
7fc41d313000-7fc41d316000 ---p 00000000 00:00 0 
7fc41d316000-7fc41d414000 rw-p 00000000 00:00 0                          [stack:7939]
7fc41d414000-7fc41d6dd000 r--p 00000000 08:05 11147688                   /usr/lib/locale/locale-archive
7fc41d6dd000-7fc41d6e0000 ---p 00000000 00:00 0 
7fc41d6e0000-7fc41d7de000 rw-p 00000000 00:00 0                          [stack:7938]
7fc41d7de000-7fc41d7e1000 ---p 00000000 00:00 0 
7fc41d7e1000-7fc41d8df000 rw-p 00000000 00:00 0                          [stack:7937]
7fc41d8df000-7fc41d8e0000 ---p 00000000 00:00 0 
7fc41d8e0000-7fc41e334000 rw-p 00000000 00:00 0                          [stack:7936]
7fc41e334000-7fc41e4f4000 r--s 039fb000 08:05 12718032                   /usr/lib/jvm/java-7-oracle/jre/lib/rt.jar
7fc41e4f4000-7fc420a7e000 rw-p 00000000 00:00 0 
7fc420a7e000-7fc420a7f000 ---p 00000000 00:00 0 
7fc420a7f000-7fc420b7f000 rw-p 00000000 00:00 0                          [stack:7934]
7fc420b7f000-7fc420b80000 ---p 00000000 00:00 0 
7fc420b80000-7fc420c95000 rw-p 00000000 00:00 0                          [stack:7933]
7fc420c95000-7fc420dd6000 rw-p 00000000 00:00 0 
7fc420dd6000-7fc420de1000 rw-p 00000000 00:00 0 
7fc420de1000-7fc420dff000 rw-p 00000000 00:00 0 
7fc420dff000-7fc420e14000 rw-p 00000000 00:00 0 
7fc420e14000-7fc420f54000 rw-p 00000000 00:00 0 
7fc420f54000-7fc420f76000 rw-p 00000000 00:00 0 
7fc420f76000-7fc420fff000 rw-p 00000000 00:00 0 
7fc420fff000-7fc421000000 rw-p 00000000 00:00 0 
7fc421000000-7fc421270000 rwxp 00000000 00:00 0 
7fc421270000-7fc42426b000 rw-p 00000000 00:00 0 
7fc42426b000-7fc428000000 ---p 00000000 00:00 0 
7fc42800f000-7fc42801a000 rw-p 00000000 00:00 0 
7fc42801a000-7fc428038000 rw-p 00000000 00:00 0 
7fc428038000-7fc42804f000 r-xp 00000000 08:05 13242118                   /usr/lib/jvm/java-7-oracle/jre/lib/amd64/libzip.so
7fc42804f000-7fc42824f000 ---p 00017000 08:05 13242118                   /usr/lib/jvm/java-7-oracle/jre/lib/amd64/libzip.so
7fc42824f000-7fc428250000 rw-p 00017000 08:05 13242118                   /usr/lib/jvm/java-7-oracle/jre/lib/amd64/libzip.so
7fc428250000-7fc42825b000 r-xp 00000000 08:05 5637086                    /lib/x86_64-linux-gnu/libnss_files-2.19.so
7fc42825b000-7fc42845a000 ---p 0000b000 08:05 5637086                    /lib/x86_64-linux-gnu/libnss_files-2.19.so
7fc42845a000-7fc42845b000 r--p 0000a000 08:05 5637086                    /lib/x86_64-linux-gnu/libnss_files-2.19.so
7fc42845b000-7fc42845c000 rw-p 0000b000 08:05 5637086                    /lib/x86_64-linux-gnu/libnss_files-2.19.so
7fc42845c000-7fc428467000 r-xp 00000000 08:05 5637150                    /lib/x86_64-linux-gnu/libnss_nis-2.19.so
7fc428467000-7fc428666000 ---p 0000b000 08:05 5637150                    /lib/x86_64-linux-gnu/libnss_nis-2.19.so
7fc428666000-7fc428667000 r--p 0000a000 08:05 5637150                    /lib/x86_64-linux-gnu/libnss_nis-2.19.so
7fc428667000-7fc428668000 rw-p 0000b000 08:05 5637150                    /lib/x86_64-linux-gnu/libnss_nis-2.19.so
7fc428668000-7fc42867f000 r-xp 00000000 08:05 5637108                    /lib/x86_64-linux-gnu/libnsl-2.19.so
7fc42867f000-7fc42887e000 ---p 00017000 08:05 5637108                    /lib/x86_64-linux-gnu/libnsl-2.19.so
7fc42887e000-7fc42887f000 r--p 00016000 08:05 5637108                    /lib/x86_64-linux-gnu/libnsl-2.19.so
7fc42887f000-7fc428880000 rw-p 00017000 08:05 5637108                    /lib/x86_64-linux-gnu/libnsl-2.19.so
7fc428880000-7fc428882000 rw-p 00000000 00:00 0 
7fc428882000-7fc42888b000 r-xp 00000000 08:05 5637107                    /lib/x86_64-linux-gnu/libnss_compat-2.19.so
7fc42888b000-7fc428a8a000 ---p 00009000 08:05 5637107                    /lib/x86_64-linux-gnu/libnss_compat-2.19.so
7fc428a8a000-7fc428a8b000 r--p 00008000 08:05 5637107                    /lib/x86_64-linux-gnu/libnss_compat-2.19.so
7fc428a8b000-7fc428a8c000 rw-p 00009000 08:05 5637107                    /lib/x86_64-linux-gnu/libnss_compat-2.19.so
7fc428a8c000-7fc428ab5000 r-xp 00000000 08:05 13241763                   /usr/lib/jvm/java-7-oracle/jre/lib/amd64/libjava.so
7fc428ab5000-7fc428cb5000 ---p 00029000 08:05 13241763                   /usr/lib/jvm/java-7-oracle/jre/lib/amd64/libjava.so
7fc428cb5000-7fc428cb7000 rw-p 00029000 08:05 13241763                   /usr/lib/jvm/java-7-oracle/jre/lib/amd64/libjava.so
7fc428cb7000-7fc428cc4000 r-xp 00000000 08:05 13242023                   /usr/lib/jvm/java-7-oracle/jre/lib/amd64/libverify.so
7fc428cc4000-7fc428ec3000 ---p 0000d000 08:05 13242023                   /usr/lib/jvm/java-7-oracle/jre/lib/amd64/libverify.so
7fc428ec3000-7fc428ec5000 rw-p 0000c000 08:05 13242023                   /usr/lib/jvm/java-7-oracle/jre/lib/amd64/libverify.so
7fc428ec5000-7fc428ecc000 r-xp 00000000 08:05 5637147                    /lib/x86_64-linux-gnu/librt-2.19.so
7fc428ecc000-7fc4290cb000 ---p 00007000 08:05 5637147                    /lib/x86_64-linux-gnu/librt-2.19.so
7fc4290cb000-7fc4290cc000 r--p 00006000 08:05 5637147                    /lib/x86_64-linux-gnu/librt-2.19.so
7fc4290cc000-7fc4290cd000 rw-p 00007000 08:05 5637147                    /lib/x86_64-linux-gnu/librt-2.19.so
7fc4290cd000-7fc4291d2000 r-xp 00000000 08:05 5637085                    /lib/x86_64-linux-gnu/libm-2.19.so
7fc4291d2000-7fc4293d1000 ---p 00105000 08:05 5637085                    /lib/x86_64-linux-gnu/libm-2.19.so
7fc4293d1000-7fc4293d2000 r--p 00104000 08:05 5637085                    /lib/x86_64-linux-gnu/libm-2.19.so
7fc4293d2000-7fc4293d3000 rw-p 00105000 08:05 5637085                    /lib/x86_64-linux-gnu/libm-2.19.so
7fc4293d3000-7fc429f49000 r-xp 00000000 08:05 13242197                   /usr/lib/jvm/java-7-oracle/jre/lib/amd64/server/libjvm.so
7fc429f49000-7fc42a148000 ---p 00b76000 08:05 13242197                   /usr/lib/jvm/java-7-oracle/jre/lib/amd64/server/libjvm.so
7fc42a148000-7fc42a20c000 rw-p 00b75000 08:05 13242197                   /usr/lib/jvm/java-7-oracle/jre/lib/amd64/server/libjvm.so
7fc42a20c000-7fc42a24d000 rw-p 00000000 00:00 0 
7fc42a24d000-7fc42a408000 r-xp 00000000 08:05 5637136                    /lib/x86_64-linux-gnu/libc-2.19.so
7fc42a408000-7fc42a607000 ---p 001bb000 08:05 5637136                    /lib/x86_64-linux-gnu/libc-2.19.so
7fc42a607000-7fc42a60b000 r--p 001ba000 08:05 5637136                    /lib/x86_64-linux-gnu/libc-2.19.so
7fc42a60b000-7fc42a60d000 rw-p 001be000 08:05 5637136                    /lib/x86_64-linux-gnu/libc-2.19.so
7fc42a60d000-7fc42a612000 rw-p 00000000 00:00 0 
7fc42a612000-7fc42a615000 r-xp 00000000 08:05 5637089                    /lib/x86_64-linux-gnu/libdl-2.19.so
7fc42a615000-7fc42a814000 ---p 00003000 08:05 5637089                    /lib/x86_64-linux-gnu/libdl-2.19.so
7fc42a814000-7fc42a815000 r--p 00002000 08:05 5637089                    /lib/x86_64-linux-gnu/libdl-2.19.so
7fc42a815000-7fc42a816000 rw-p 00003000 08:05 5637089                    /lib/x86_64-linux-gnu/libdl-2.19.so
7fc42a816000-7fc42a82b000 r-xp 00000000 08:05 13241682                   /usr/lib/jvm/java-7-oracle/jre/lib/amd64/jli/libjli.so
7fc42a82b000-7fc42aa2a000 ---p 00015000 08:05 13241682                   /usr/lib/jvm/java-7-oracle/jre/lib/amd64/jli/libjli.so
7fc42aa2a000-7fc42aa2b000 rw-p 00014000 08:05 13241682                   /usr/lib/jvm/java-7-oracle/jre/lib/amd64/jli/libjli.so
7fc42aa2b000-7fc42aa44000 r-xp 00000000 08:05 5637137                    /lib/x86_64-linux-gnu/libpthread-2.19.so
7fc42aa44000-7fc42ac43000 ---p 00019000 08:05 5637137                    /lib/x86_64-linux-gnu/libpthread-2.19.so
7fc42ac43000-7fc42ac44000 r--p 00018000 08:05 5637137                    /lib/x86_64-linux-gnu/libpthread-2.19.so
7fc42ac44000-7fc42ac45000 rw-p 00019000 08:05 5637137                    /lib/x86_64-linux-gnu/libpthread-2.19.so
7fc42ac45000-7fc42ac49000 rw-p 00000000 00:00 0 
7fc42ac49000-7fc42ac6c000 r-xp 00000000 08:05 5637112                    /lib/x86_64-linux-gnu/ld-2.19.so
7fc42ac6f000-7fc42ac8f000 rw-p 00000000 00:00 0 
7fc42ac8f000-7fc42ad45000 rw-p 00000000 00:00 0 
7fc42ad45000-7fc42ad48000 ---p 00000000 00:00 0 
7fc42ad48000-7fc42ae4a000 rw-p 00000000 00:00 0                          [stack:7932]
7fc42ae4b000-7fc42ae4c000 rw-p 00000000 00:00 0 
7fc42ae4c000-7fc42ae50000 r--s 0008b000 08:05 12718026                   /usr/lib/jvm/java-7-oracle/jre/lib/jsse.jar
7fc42ae50000-7fc42ae5f000 r--s 000dd000 08:05 26870899                   /home/akshar/Installed/android/sdk/build-tools/22.0.1/lib/dx.jar
7fc42ae5f000-7fc42ae67000 rw-s 00000000 08:05 26740411                   /tmp/hsperfdata_akshar/7923
7fc42ae67000-7fc42ae68000 rw-p 00000000 00:00 0 
7fc42ae68000-7fc42ae69000 ---p 00000000 00:00 0 
7fc42ae69000-7fc42ae6b000 rw-p 00000000 00:00 0 
7fc42ae6b000-7fc42ae6c000 r--p 00022000 08:05 5637112                    /lib/x86_64-linux-gnu/ld-2.19.so
7fc42ae6c000-7fc42ae6d000 rw-p 00023000 08:05 5637112                    /lib/x86_64-linux-gnu/ld-2.19.so
7fc42ae6d000-7fc42ae6e000 rw-p 00000000 00:00 0 
7ffff6477000-7ffff6498000 rw-p 00000000 00:00 0                          [stack]
7ffff65fe000-7ffff6600000 r-xp 00000000 00:00 0                          [vdso]
ffffffffff600000-ffffffffff601000 r-xp 00000000 00:00 0                  [vsyscall]

VM Arguments:
jvm_args: -Xmx1024M 
java_command: /home/akshar/Installed/android/sdk/build-tools/22.0.1/lib/dx.jar --dex --no-optimize --output /home/akshar/Projects/Prodelp/app/build/intermediates/dex/debug --input-list=/home/akshar/Projects/Prodelp/app/build/intermediates/tmp/dex/debug/inputList.txt
Launcher Type: SUN_STANDARD

Environment Variables:
CLASSPATH=/home/akshar/Installed/android-studio/bin/../lib/bootstrap.jar:/home/akshar/Installed/android-studio/bin/../lib/extensions.jar:/home/akshar/Installed/android-studio/bin/../lib/util.jar:/home/akshar/Installed/android-studio/bin/../lib/jdom.jar:/home/akshar/Installed/android-studio/bin/../lib/log4j.jar:/home/akshar/Installed/android-studio/bin/../lib/trove4j.jar:/home/akshar/Installed/android-studio/bin/../lib/jna.jar:/usr/lib/jvm/java-7-oracle/lib/tools.jar
PATH=/usr/local/sbin:/usr/local/bin:/usr/sbin:/usr/bin:/sbin:/bin:/usr/games:/usr/local/games
USERNAME=akshar
LD_LIBRARY_PATH=/home/akshar/Installed/android-studio/bin:
SHELL=/bin/bash
DISPLAY=:0.0

Signal Handlers:
SIGSEGV: [libjvm.so+0x9a3b20], sa_mask[0]=0x7ffbfeff, sa_flags=0x10000004
SIGBUS: [libjvm.so+0x9a3b20], sa_mask[0]=0x7ffbfeff, sa_flags=0x10000004
SIGFPE: [libjvm.so+0x81e740], sa_mask[0]=0x7ffbfeff, sa_flags=0x10000004
SIGPIPE: [libjvm.so+0x81e740], sa_mask[0]=0x7ffbfeff, sa_flags=0x10000004
SIGXFSZ: [libjvm.so+0x81e740], sa_mask[0]=0x7ffbfeff, sa_flags=0x10000004
SIGILL: [libjvm.so+0x81e740], sa_mask[0]=0x7ffbfeff, sa_flags=0x10000004
SIGUSR1: SIG_DFL, sa_mask[0]=0x00000000, sa_flags=0x00000000
SIGUSR2: [libjvm.so+0x81ffb0], sa_mask[0]=0x00000004, sa_flags=0x10000004
SIGHUP: [libjvm.so+0x8210d0], sa_mask[0]=0x7ffbfeff, sa_flags=0x10000004
SIGINT: [libjvm.so+0x8210d0], sa_mask[0]=0x7ffbfeff, sa_flags=0x10000004
SIGTERM: [libjvm.so+0x8210d0], sa_mask[0]=0x7ffbfeff, sa_flags=0x10000004
SIGQUIT: [libjvm.so+0x8210d0], sa_mask[0]=0x7ffbfeff, sa_flags=0x10000004


---------------  S Y S T E M  ---------------

OS:jessie/sid

uname:Linux 3.13.0-37-generic #64-Ubuntu SMP Mon Sep 22 21:28:38 UTC 2014 x86_64
libc:glibc 2.19 NPTL 2.19 
rlimit: STACK 8192k, CORE 0k, NPROC 31107, NOFILE 4096, AS infinity
load average:4.60 3.29 2.86

/proc/meminfo:
MemTotal:        4012872 kB
MemFree:          106340 kB
Buffers:             684 kB
Cached:           656844 kB
SwapCached:         5392 kB
Active:          2780288 kB
Inactive:         935472 kB
Active(anon):    2764852 kB
Inactive(anon):   910464 kB
Active(file):      15436 kB
Inactive(file):    25008 kB
Unevictable:          16 kB
Mlocked:              16 kB
SwapTotal:       2060284 kB
SwapFree:           1296 kB
Dirty:               180 kB
Writeback:             0 kB
AnonPages:       3054216 kB
Mapped:            51660 kB
Shmem:            616868 kB
Slab:              67444 kB
SReclaimable:      25948 kB
SUnreclaim:        41496 kB
KernelStack:        5360 kB
PageTables:        47292 kB
NFS_Unstable:          0 kB
Bounce:                0 kB
WritebackTmp:          0 kB
CommitLimit:     4066720 kB
Committed_AS:   10127668 kB
VmallocTotal:   34359738367 kB
VmallocUsed:      543348 kB
VmallocChunk:   34359188488 kB
HardwareCorrupted:     0 kB
AnonHugePages:   1019904 kB
HugePages_Total:       0
HugePages_Free:        0
HugePages_Rsvd:        0
HugePages_Surp:        0
Hugepagesize:       2048 kB
DirectMap4k:       73344 kB
DirectMap2M:     4085760 kB


CPU:total 2 (2 cores per cpu, 1 threads per core) family 6 model 23 stepping 10, cmov, cx8, fxsr, mmx, sse, sse2, sse3, ssse3, tsc

/proc/cpuinfo:
processor	: 0
vendor_id	: GenuineIntel
cpu family	: 6
model		: 23
model name	: Pentium(R) Dual-Core  CPU      E5700  @ 3.00GHz
stepping	: 10
microcode	: 0xa07
cpu MHz		: 2992.940
cache size	: 2048 KB
physical id	: 0
siblings	: 2
core id		: 0
cpu cores	: 2
apicid		: 0
initial apicid	: 0
fpu		: yes
fpu_exception	: yes
cpuid level	: 13
wp		: yes
flags		: fpu vme de pse tsc msr pae mce cx8 apic sep mtrr pge mca cmov pat pse36 clflush dts acpi mmx fxsr sse sse2 ss ht tm pbe syscall nx lm constant_tsc arch_perfmon pebs bts rep_good nopl aperfmperf pni dtes64 monitor ds_cpl vmx est tm2 ssse3 cx16 xtpr pdcm xsave lahf_lm dtherm tpr_shadow vnmi flexpriority
bogomips	: 5985.88
clflush size	: 64
cache_alignment	: 64
address sizes	: 36 bits physical, 48 bits virtual
power management:

processor	: 1
vendor_id	: GenuineIntel
cpu family	: 6
model		: 23
model name	: Pentium(R) Dual-Core  CPU      E5700  @ 3.00GHz
stepping	: 10
microcode	: 0xa07
cpu MHz		: 2992.940
cache size	: 2048 KB
physical id	: 0
siblings	: 2
core id		: 1
cpu cores	: 2
apicid		: 1
initial apicid	: 1
fpu		: yes
fpu_exception	: yes
cpuid level	: 13
wp		: yes
flags		: fpu vme de pse tsc msr pae mce cx8 apic sep mtrr pge mca cmov pat pse36 clflush dts acpi mmx fxsr sse sse2 ss ht tm pbe syscall nx lm constant_tsc arch_perfmon pebs bts rep_good nopl aperfmperf pni dtes64 monitor ds_cpl vmx est tm2 ssse3 cx16 xtpr pdcm xsave lahf_lm dtherm tpr_shadow vnmi flexpriority
bogomips	: 5985.88
clflush size	: 64
cache_alignment	: 64
address sizes	: 36 bits physical, 48 bits virtual
power management:



Memory: 4k page, physical 4012872k(106340k free), swap 2060284k(1296k free)

vm_info: Java HotSpot(TM) 64-Bit Server VM (24.80-b11) for linux-amd64 JRE (1.7.0_80-b15), built on Apr 10 2015 19:53:14 by "java_re" with gcc 4.3.0 20080428 (Red Hat 4.3.0-8)

time: Sun May 17 14:02:23 2015
elapsed time: 28 seconds

